0 info it worked if it ends with ok
1 verbose cli [ '/usr/bin/nodejs', '/usr/local/bin/npm', 'start' ]
2 info using npm@4.0.2
3 info using node@v4.2.6
4 verbose run-script [ 'prestart', 'start', 'poststart' ]
5 info lifecycle rails-react_boilerplate@1.0.0~prestart: rails-react_boilerplate@1.0.0
6 silly lifecycle rails-react_boilerplate@1.0.0~prestart: no script for prestart, continuing
7 info lifecycle rails-react_boilerplate@1.0.0~start: rails-react_boilerplate@1.0.0
8 verbose lifecycle rails-react_boilerplate@1.0.0~start: unsafe-perm in lifecycle true
9 verbose lifecycle rails-react_boilerplate@1.0.0~start: PATH: /usr/local/lib/node_modules/npm/bin/node-gyp-bin:/home/giancarlos/Documents/trainingJavascript/reactjs/rails-react/react-redux-10-projects/node_modules/.bin:/usr/local/heroku/bin:/home/giancarlos/.rvm/gems/ruby-2.3.1/bin:/home/giancarlos/.rvm/gems/ruby-2.3.1@global/bin:/home/giancarlos/.rvm/rubies/ruby-2.3.1/bin:/home/giancarlos/bin:/home/giancarlos/.local/bin:/usr/local/heroku/bin:/home/giancarlos/bin:/home/giancarlos/.local/bin:/usr/local/sbin:/usr/local/bin:/usr/sbin:/usr/bin:/sbin:/bin:/usr/games:/usr/local/games:/home/giancarlos/.rvm/bin:/home/giancarlos/.rvm/bin:/home/giancarlos/.rvm/bin:/home/giancarlos/.rvm/bin
10 verbose lifecycle rails-react_boilerplate@1.0.0~start: CWD: /home/giancarlos/Documents/trainingJavascript/reactjs/rails-react/react-redux-10-projects
11 silly lifecycle rails-react_boilerplate@1.0.0~start: Args: [ '-c', 'npm run build' ]
12 silly lifecycle rails-react_boilerplate@1.0.0~start: Returned: code: 1  signal: null
13 info lifecycle rails-react_boilerplate@1.0.0~start: Failed to exec start script
14 verbose stack Error: rails-react_boilerplate@1.0.0 start: `npm run build`
14 verbose stack Exit status 1
14 verbose stack     at EventEmitter.<anonymous> (/usr/local/lib/node_modules/npm/lib/utils/lifecycle.js:279:16)
14 verbose stack     at emitTwo (events.js:87:13)
14 verbose stack     at EventEmitter.emit (events.js:172:7)
14 verbose stack     at ChildProcess.<anonymous> (/usr/local/lib/node_modules/npm/lib/utils/spawn.js:40:14)
14 verbose stack     at emitTwo (events.js:87:13)
14 verbose stack     at ChildProcess.emit (events.js:172:7)
14 verbose stack     at maybeClose (internal/child_process.js:821:16)
14 verbose stack     at Process.ChildProcess._handle.onexit (internal/child_process.js:211:5)
15 verbose pkgid rails-react_boilerplate@1.0.0
16 verbose cwd /home/giancarlos/Documents/trainingJavascript/reactjs/rails-react/react-redux-10-projects
17 error Linux 4.4.0-47-generic
18 error argv "/usr/bin/nodejs" "/usr/local/bin/npm" "start"
19 error node v4.2.6
20 error npm  v4.0.2
21 error code ELIFECYCLE
22 error rails-react_boilerplate@1.0.0 start: `npm run build`
22 error Exit status 1
23 error Failed at the rails-react_boilerplate@1.0.0 start script 'npm run build'.
23 error Make sure you have the latest version of node.js and npm installed.
23 error If you do, this is most likely a problem with the rails-react_boilerplate package,
23 error not with npm itself.
23 error Tell the author that this fails on your system:
23 error     npm run build
23 error You can get information on how to open an issue for this project with:
23 error     npm bugs rails-react_boilerplate
23 error Or if that isn't available, you can get their info via:
23 error     npm owner ls rails-react_boilerplate
23 error There is likely additional logging output above.
24 verbose exit [ 1, true ]
